Project created on Sun Jul 26 2020, 15:53:55 GMT+0800 (中国标准时间)

 Info | appDB | init | Sun Jul 26 2020, 15:53:55 GMT+0800 (中国标准时间) | 已初始化应用程序数据库
 Info | datasourceDB | init | Sun Jul 26 2020, 15:53:55 GMT+0800 (中国标准时间) | 已初始化数据源数据库
 Info | dsActionsDB | init | Sun Jul 26 2020, 15:53:55 GMT+0800 (中国标准时间) | 已初始化数据源操作数据库
 Info | dsAttributesDB | init | Sun Jul 26 2020, 15:53:55 GMT+0800 (中国标准时间) | 已初始化数据源属性数据库
 Info | dsActionsMoreDB | init | Sun Jul 26 2020, 15:53:55 GMT+0800 (中国标准时间) | 已初始化数据源更多操作数据库
 Info | settingsDB | init | Sun Jul 26 2020, 15:53:55 GMT+0800 (中国标准时间) | 已初始化设置数据库
Success | CreateWebProject | createReactJSProject | Sun Jul 26 2020, 15:53:55 GMT+0800 (中国标准时间) | 已初始化所有数据库
Success | CreateWebProject | createReactJSProject | Sun Jul 26 2020, 15:53:55 GMT+0800 (中国标准时间) | 已初始化所有数据库
 Info | CreateWebProject | createReactJSProject | Sun Jul 26 2020, 15:53:58 GMT+0800 (中国标准时间) | Installing packages. This might take a couple of minutes.

 Info | CreateWebProject | createReactJSProject | Sun Jul 26 2020, 15:53:58 GMT+0800 (中国标准时间) | Installing react, react-dom, and react-scripts with cra-template-react_router...


 Info | CreateWebProject | createReactJSProject | Sun Jul 26 2020, 16:11:29 GMT+0800 (中国标准时间) | 
> core-js@2.6.11 postinstall C:\Users\ShuHuiHan\Desktop\GSSC\IBMCloud\test\app3\node_modules\babel-runtime\node_modules\core-js
> node -e "try{require('./postinstall')}catch(e){}"


 Info | CreateWebProject | createReactJSProject | Sun Jul 26 2020, 16:11:29 GMT+0800 (中国标准时间) | 
> core-js@3.6.5 postinstall C:\Users\ShuHuiHan\Desktop\GSSC\IBMCloud\test\app3\node_modules\core-js
> node -e "try{require('./postinstall')}catch(e){}"


 Info | CreateWebProject | createReactJSProject | Sun Jul 26 2020, 16:11:29 GMT+0800 (中国标准时间) | 
> core-js-pure@3.6.5 postinstall C:\Users\ShuHuiHan\Desktop\GSSC\IBMCloud\test\app3\node_modules\core-js-pure
> node -e "try{require('./postinstall')}catch(e){}"


 Info | CreateWebProject | createReactJSProject | Sun Jul 26 2020, 16:11:33 GMT+0800 (中国标准时间) | + cra-template-react_router@0.0.1
+ react-dom@16.13.1
+ react@16.13.1
+ react-scripts@3.4.1
added 1602 packages from 750 contributors in 1054.272s

 Info | CreateWebProject | createReactJSProject | Sun Jul 26 2020, 16:11:36 GMT+0800 (中国标准时间) | 
Initialized a git repository.

Installing template dependencies using npm...

 Error | CreateWebProject | createReactJSProject | Sun Jul 26 2020, 16:12:55 GMT+0800 (中国标准时间) | npm WARN deprecated urix@0.1.0: Please see https://github.com/lydell/urix#deprecated

Error
    at file:///C:/Users/ShuHuiHan/AppData/Local/IBMDigitalAppBuilder/app-8.1.3/resources/app.asar/dist/renderer.prod.js:6377:174652
    at f (file:///C:/Users/ShuHuiHan/AppData/Local/IBMDigitalAppBuilder/app-8.1.3/resources/app.asar/dist/renderer.prod.js:6377:173978)
    at Object.error (file:///C:/Users/ShuHuiHan/AppData/Local/IBMDigitalAppBuilder/app-8.1.3/resources/app.asar/dist/renderer.prod.js:6377:174534)
    at Socket.<anonymous> (file:///C:/Users/ShuHuiHan/AppData/Local/IBMDigitalAppBuilder/app-8.1.3/resources/app.asar/dist/renderer.prod.js:1157:9394)
    at Socket.emit (events.js:208:15)
    at addChunk (_stream_readable.js:295:12)
    at readableAddChunk (_stream_readable.js:272:13)
    at Socket.Readable.push (_stream_readable.js:210:10)
    at Pipe.onStreamRead (internal/stream_base_commons.js:166:17) Error | CreateWebProject | createReactJSProject | Sun Jul 26 2020, 16:12:55 GMT+0800 (中国标准时间) | npm WARN deprecated resolve-url@0.2.1: https://github.com/lydell/resolve-url#deprecated

Error
    at file:///C:/Users/ShuHuiHan/AppData/Local/IBMDigitalAppBuilder/app-8.1.3/resources/app.asar/dist/renderer.prod.js:6377:174652
    at f (file:///C:/Users/ShuHuiHan/AppData/Local/IBMDigitalAppBuilder/app-8.1.3/resources/app.asar/dist/renderer.prod.js:6377:173978)
    at Object.error (file:///C:/Users/ShuHuiHan/AppData/Local/IBMDigitalAppBuilder/app-8.1.3/resources/app.asar/dist/renderer.prod.js:6377:174534)
    at Socket.<anonymous> (file:///C:/Users/ShuHuiHan/AppData/Local/IBMDigitalAppBuilder/app-8.1.3/resources/app.asar/dist/renderer.prod.js:1157:9394)
    at Socket.emit (events.js:208:15)
    at addChunk (_stream_readable.js:295:12)
    at readableAddChunk (_stream_readable.js:272:13)
    at Socket.Readable.push (_stream_readable.js:210:10)
    at Pipe.onStreamRead (internal/stream_base_commons.js:166:17) Error | CreateWebProject | createReactJSProject | Sun Jul 26 2020, 16:13:17 GMT+0800 (中国标准时间) | npm WARN deprecated fsevents@1.2.13: fsevents 1 will break on node v14+ and could be using insecure binaries. Upgrade to fsevents 2.

Error
    at file:///C:/Users/ShuHuiHan/AppData/Local/IBMDigitalAppBuilder/app-8.1.3/resources/app.asar/dist/renderer.prod.js:6377:174652
    at f (file:///C:/Users/ShuHuiHan/AppData/Local/IBMDigitalAppBuilder/app-8.1.3/resources/app.asar/dist/renderer.prod.js:6377:173978)
    at Object.error (file:///C:/Users/ShuHuiHan/AppData/Local/IBMDigitalAppBuilder/app-8.1.3/resources/app.asar/dist/renderer.prod.js:6377:174534)
    at Socket.<anonymous> (file:///C:/Users/ShuHuiHan/AppData/Local/IBMDigitalAppBuilder/app-8.1.3/resources/app.asar/dist/renderer.prod.js:1157:9394)
    at Socket.emit (events.js:208:15)
    at addChunk (_stream_readable.js:295:12)
    at readableAddChunk (_stream_readable.js:272:13)
    at Socket.Readable.push (_stream_readable.js:210:10)
    at Pipe.onStreamRead (internal/stream_base_commons.js:166:17) Error | CreateWebProject | createReactJSProject | Sun Jul 26 2020, 16:14:12 GMT+0800 (中国标准时间) | npm WARN deprecated left-pad@1.3.0: use String.prototype.padStart()

Error
    at file:///C:/Users/ShuHuiHan/AppData/Local/IBMDigitalAppBuilder/app-8.1.3/resources/app.asar/dist/renderer.prod.js:6377:174652
    at f (file:///C:/Users/ShuHuiHan/AppData/Local/IBMDigitalAppBuilder/app-8.1.3/resources/app.asar/dist/renderer.prod.js:6377:173978)
    at Object.error (file:///C:/Users/ShuHuiHan/AppData/Local/IBMDigitalAppBuilder/app-8.1.3/resources/app.asar/dist/renderer.prod.js:6377:174534)
    at Socket.<anonymous> (file:///C:/Users/ShuHuiHan/AppData/Local/IBMDigitalAppBuilder/app-8.1.3/resources/app.asar/dist/renderer.prod.js:1157:9394)
    at Socket.emit (events.js:208:15)
    at addChunk (_stream_readable.js:295:12)
    at readableAddChunk (_stream_readable.js:272:13)
    at Socket.Readable.push (_stream_readable.js:210:10)
    at Pipe.onStreamRead (internal/stream_base_commons.js:166:17) Error | CreateWebProject | createReactJSProject | Sun Jul 26 2020, 16:14:12 GMT+0800 (中国标准时间) | npm WARN deprecated request-promise-native@1.0.9: request-promise-native has been deprecated because it extends the now deprecated request package, see https://github.com/request/request/issues/3142

Error
    at file:///C:/Users/ShuHuiHan/AppData/Local/IBMDigitalAppBuilder/app-8.1.3/resources/app.asar/dist/renderer.prod.js:6377:174652
    at f (file:///C:/Users/ShuHuiHan/AppData/Local/IBMDigitalAppBuilder/app-8.1.3/resources/app.asar/dist/renderer.prod.js:6377:173978)
    at Object.error (file:///C:/Users/ShuHuiHan/AppData/Local/IBMDigitalAppBuilder/app-8.1.3/resources/app.asar/dist/renderer.prod.js:6377:174534)
    at Socket.<anonymous> (file:///C:/Users/ShuHuiHan/AppData/Local/IBMDigitalAppBuilder/app-8.1.3/resources/app.asar/dist/renderer.prod.js:1157:9394)
    at Socket.emit (events.js:208:15)
    at addChunk (_stream_readable.js:295:12)
    at readableAddChunk (_stream_readable.js:272:13)
    at Socket.Readable.push (_stream_readable.js:210:10)
    at Pipe.onStreamRead (internal/stream_base_commons.js:166:17) Error | CreateWebProject | createReactJSProject | Sun Jul 26 2020, 16:14:12 GMT+0800 (中国标准时间) | npm WARN deprecated request@2.88.2: request has been deprecated, see https://github.com/request/request/issues/3142

Error
    at file:///C:/Users/ShuHuiHan/AppData/Local/IBMDigitalAppBuilder/app-8.1.3/resources/app.asar/dist/renderer.prod.js:6377:174652
    at f (file:///C:/Users/ShuHuiHan/AppData/Local/IBMDigitalAppBuilder/app-8.1.3/resources/app.asar/dist/renderer.prod.js:6377:173978)
    at Object.error (file:///C:/Users/ShuHuiHan/AppData/Local/IBMDigitalAppBuilder/app-8.1.3/resources/app.asar/dist/renderer.prod.js:6377:174534)
    at Socket.<anonymous> (file:///C:/Users/ShuHuiHan/AppData/Local/IBMDigitalAppBuilder/app-8.1.3/resources/app.asar/dist/renderer.prod.js:1157:9394)
    at Socket.emit (events.js:208:15)
    at addChunk (_stream_readable.js:295:12)
    at readableAddChunk (_stream_readable.js:272:13)
    at Socket.Readable.push (_stream_readable.js:210:10)
    at Pipe.onStreamRead (internal/stream_base_commons.js:166:17) Error | CreateWebProject | createReactJSProject | Sun Jul 26 2020, 16:15:20 GMT+0800 (中国标准时间) | npm WARN deprecated chokidar@2.1.8: Chokidar 2 will break on node v14+. Upgrade to chokidar 3 with 15x less dependencies.

Error
    at file:///C:/Users/ShuHuiHan/AppData/Local/IBMDigitalAppBuilder/app-8.1.3/resources/app.asar/dist/renderer.prod.js:6377:174652
    at f (file:///C:/Users/ShuHuiHan/AppData/Local/IBMDigitalAppBuilder/app-8.1.3/resources/app.asar/dist/renderer.prod.js:6377:173978)
    at Object.error (file:///C:/Users/ShuHuiHan/AppData/Local/IBMDigitalAppBuilder/app-8.1.3/resources/app.asar/dist/renderer.prod.js:6377:174534)
    at Socket.<anonymous> (file:///C:/Users/ShuHuiHan/AppData/Local/IBMDigitalAppBuilder/app-8.1.3/resources/app.asar/dist/renderer.prod.js:1157:9394)
    at Socket.emit (events.js:208:15)
    at addChunk (_stream_readable.js:295:12)
    at readableAddChunk (_stream_readable.js:272:13)
    at Socket.Readable.push (_stream_readable.js:210:10)
    at Pipe.onStreamRead (internal/stream_base_commons.js:166:17) Error | CreateWebProject | createReactJSProject | Sun Jul 26 2020, 17:11:40 GMT+0800 (中国标准时间) | npm WARN registry Using stale data from https://registry.npmjs.org/ because the host is inaccessible -- are you offline?
npm WARN registry Using stale package data from https://registry.npmjs.org/ due to a request error during revalidation.

Error
    at file:///C:/Users/ShuHuiHan/AppData/Local/IBMDigitalAppBuilder/app-8.1.3/resources/app.asar/dist/renderer.prod.js:6377:174652
    at f (file:///C:/Users/ShuHuiHan/AppData/Local/IBMDigitalAppBuilder/app-8.1.3/resources/app.asar/dist/renderer.prod.js:6377:173978)
    at Object.error (file:///C:/Users/ShuHuiHan/AppData/Local/IBMDigitalAppBuilder/app-8.1.3/resources/app.asar/dist/renderer.prod.js:6377:174534)
    at Socket.<anonymous> (file:///C:/Users/ShuHuiHan/AppData/Local/IBMDigitalAppBuilder/app-8.1.3/resources/app.asar/dist/renderer.prod.js:1157:9394)
    at Socket.emit (events.js:208:15)
    at addChunk (_stream_readable.js:295:12)
    at readableAddChunk (_stream_readable.js:272:13)
    at Socket.Readable.push (_stream_readable.js:210:10)
    at Pipe.onStreamRead (internal/stream_base_commons.js:166:17) Error | CreateWebProject | createReactJSProject | Sun Jul 26 2020, 17:11:41 GMT+0800 (中国标准时间) | npm WARN
Error
    at file:///C:/Users/ShuHuiHan/AppData/Local/IBMDigitalAppBuilder/app-8.1.3/resources/app.asar/dist/renderer.prod.js:6377:174652
    at f (file:///C:/Users/ShuHuiHan/AppData/Local/IBMDigitalAppBuilder/app-8.1.3/resources/app.asar/dist/renderer.prod.js:6377:173978)
    at Object.error (file:///C:/Users/ShuHuiHan/AppData/Local/IBMDigitalAppBuilder/app-8.1.3/resources/app.asar/dist/renderer.prod.js:6377:174534)
    at Socket.<anonymous> (file:///C:/Users/ShuHuiHan/AppData/Local/IBMDigitalAppBuilder/app-8.1.3/resources/app.asar/dist/renderer.prod.js:1157:9394)
    at Socket.emit (events.js:208:15)
    at addChunk (_stream_readable.js:295:12)
    at readableAddChunk (_stream_readable.js:272:13)
    at Socket.Readable.push (_stream_readable.js:210:10)
    at Pipe.onStreamRead (internal/stream_base_commons.js:166:17) Error | CreateWebProject | createReactJSProject | Sun Jul 26 2020, 17:11:41 GMT+0800 (中国标准时间) |  deprecated @hapi/joi@15.1.1: joi is leaving the @hapi organization and moving back to 'joi' (https://github.com/sideway/joi/issues/2411)

Error
    at file:///C:/Users/ShuHuiHan/AppData/Local/IBMDigitalAppBuilder/app-8.1.3/resources/app.asar/dist/renderer.prod.js:6377:174652
    at f (file:///C:/Users/ShuHuiHan/AppData/Local/IBMDigitalAppBuilder/app-8.1.3/resources/app.asar/dist/renderer.prod.js:6377:173978)
    at Object.error (file:///C:/Users/ShuHuiHan/AppData/Local/IBMDigitalAppBuilder/app-8.1.3/resources/app.asar/dist/renderer.prod.js:6377:174534)
    at Socket.<anonymous> (file:///C:/Users/ShuHuiHan/AppData/Local/IBMDigitalAppBuilder/app-8.1.3/resources/app.asar/dist/renderer.prod.js:1157:9394)
    at Socket.emit (events.js:208:15)
    at addChunk (_stream_readable.js:295:12)
    at readableAddChunk (_stream_readable.js:272:13)
    at Socket.Readable.push (_stream_readable.js:210:10)
    at Pipe.onStreamRead (internal/stream_base_commons.js:166:17) Error | CreateWebProject | createReactJSProject | Sun Jul 26 2020, 17:11:41 GMT+0800 (中国标准时间) | npm WARN deprecated @hapi/bourne@1.3.2: This version has been deprecated and is no longer supported or maintained
npm 
Error
    at file:///C:/Users/ShuHuiHan/AppData/Local/IBMDigitalAppBuilder/app-8.1.3/resources/app.asar/dist/renderer.prod.js:6377:174652
    at f (file:///C:/Users/ShuHuiHan/AppData/Local/IBMDigitalAppBuilder/app-8.1.3/resources/app.asar/dist/renderer.prod.js:6377:173978)
    at Object.error (file:///C:/Users/ShuHuiHan/AppData/Local/IBMDigitalAppBuilder/app-8.1.3/resources/app.asar/dist/renderer.prod.js:6377:174534)
    at Socket.<anonymous> (file:///C:/Users/ShuHuiHan/AppData/Local/IBMDigitalAppBuilder/app-8.1.3/resources/app.asar/dist/renderer.prod.js:1157:9394)
    at Socket.emit (events.js:208:15)
    at addChunk (_stream_readable.js:295:12)
    at readableAddChunk (_stream_readable.js:272:13)
    at Socket.Readable.push (_stream_readable.js:210:10)
    at Pipe.onStreamRead (internal/stream_base_commons.js:166:17) Error | CreateWebProject | createReactJSProject | Sun Jul 26 2020, 17:11:41 GMT+0800 (中国标准时间) | WARN deprecated @hapi/address@2.1.4: This version has been deprecated and is no longer supported or maintained
npm WARN deprecated @hapi/topo@3.1.6: This version has been deprecated and is no longer supported or maintained
npm WARN deprecated @hapi/hoek@8.5.1: This version has been deprecated and is no longer supported or maintained

Error
    at file:///C:/Users/ShuHuiHan/AppData/Local/IBMDigitalAppBuilder/app-8.1.3/resources/app.asar/dist/renderer.prod.js:6377:174652
    at f (file:///C:/Users/ShuHuiHan/AppData/Local/IBMDigitalAppBuilder/app-8.1.3/resources/app.asar/dist/renderer.prod.js:6377:173978)
    at Object.error (file:///C:/Users/ShuHuiHan/AppData/Local/IBMDigitalAppBuilder/app-8.1.3/resources/app.asar/dist/renderer.prod.js:6377:174534)
    at Socket.<anonymous> (file:///C:/Users/ShuHuiHan/AppData/Local/IBMDigitalAppBuilder/app-8.1.3/resources/app.asar/dist/renderer.prod.js:1157:9394)
    at Socket.emit (events.js:208:15)
    at addChunk (_stream_readable.js:295:12)
    at readableAddChunk (_stream_readable.js:272:13)
    at Socket.Readable.push (_stream_readable.js:210:10)
    at Pipe.onStreamRead (internal/stream_base_commons.js:166:17) Error | CreateWebProject | createReactJSProject | Sun Jul 26 2020, 17:11:41 GMT+0800 (中国标准时间) | npm WARN deprecated core-js@2.6.11: core-js@<3 is no longer maintained and not recommended for usage due to the number of issues. Please, upgrade your dependencies to the actual version of core-js@3.

Error
    at file:///C:/Users/ShuHuiHan/AppData/Local/IBMDigitalAppBuilder/app-8.1.3/resources/app.asar/dist/renderer.prod.js:6377:174652
    at f (file:///C:/Users/ShuHuiHan/AppData/Local/IBMDigitalAppBuilder/app-8.1.3/resources/app.asar/dist/renderer.prod.js:6377:173978)
    at Object.error (file:///C:/Users/ShuHuiHan/AppData/Local/IBMDigitalAppBuilder/app-8.1.3/resources/app.asar/dist/renderer.prod.js:6377:174534)
    at Socket.<anonymous> (file:///C:/Users/ShuHuiHan/AppData/Local/IBMDigitalAppBuilder/app-8.1.3/resources/app.asar/dist/renderer.prod.js:1157:9394)
    at Socket.emit (events.js:208:15)
    at addChunk (_stream_readable.js:295:12)
    at readableAddChunk (_stream_readable.js:272:13)
    at Socket.Readable.push (_stream_readable.js:210:10)
    at Pipe.onStreamRead (internal/stream_base_commons.js:166:17) Error | CreateWebProject | createReactJSProject | Sun Jul 26 2020, 17:12:24 GMT+0800 (中国标准时间) | npm WARN optional SKIPPING OPTIONAL DEPENDENCY: fsevents@^1.2.7 (node_modules\jest-haste-map\node_modules\fsevents):
npm WARN notsup SKIPPING OPTIONAL DEPENDENCY: Unsupported platform for fsevents@1.2.13: wanted {"os":"darwin","arch":"any"} (current: {"os":"win32","arch":"x64"})
npm WARN optional SKIPPING OPTIONAL DEPENDENCY: fsevents@^2.0.6 (node_modules\chokidar\node_modules\fsevents):
npm WARN notsup SKIPPING OPTIONAL DEPENDENCY: Unsupported platform for fsevents@2.1.3: wanted {"os":"darwin","arch":"any"} (current: {"os":"win32","arch":"x64"})
npm WARN optional SKIPPING OPTIONAL DEPENDENCY: fsevents@~2.1.2 (node_modules\fork-ts-checker-webpack-plugin\node_modules\chokidar\node_modules\fsevents):
npm WARN notsup SKIPPING OPTIONAL DEPENDENCY: Unsupported platform for fsevents@2.1.3: wanted {"os":"darwin","arch":"any"} (current: {"os":"win32","arch":"x64"})
npm WARN optional SKIPPING OPTIONAL DEPENDENCY: fsevents@2.1.2 (node_modules\react-scripts\node_modules\fsevents):
npm WARN notsup SKIPPING OPTIONAL DEPENDENCY: Unsupported platform for fsevents@2.1.2: wanted {"os":"darwin","arch":"any"} (current: {"os":"win32","arch":"x64"})
npm 
Error
    at file:///C:/Users/ShuHuiHan/AppData/Local/IBMDigitalAppBuilder/app-8.1.3/resources/app.asar/dist/renderer.prod.js:6377:174652
    at f (file:///C:/Users/ShuHuiHan/AppData/Local/IBMDigitalAppBuilder/app-8.1.3/resources/app.asar/dist/renderer.prod.js:6377:173978)
    at Object.error (file:///C:/Users/ShuHuiHan/AppData/Local/IBMDigitalAppBuilder/app-8.1.3/resources/app.asar/dist/renderer.prod.js:6377:174534)
    at Socket.<anonymous> (file:///C:/Users/ShuHuiHan/AppData/Local/IBMDigitalAppBuilder/app-8.1.3/resources/app.asar/dist/renderer.prod.js:1157:9394)
    at Socket.emit (events.js:208:15)
    at addChunk (_stream_readable.js:295:12)
    at readableAddChunk (_stream_readable.js:272:13)
    at Socket.Readable.push (_stream_readable.js:210:10)
    at Pipe.onStreamRead (internal/stream_base_commons.js:166:17) Info | CreateWebProject | createReactJSProject | Sun Jul 26 2020, 17:12:24 GMT+0800 (中国标准时间) | + @babel/preset-react@7.10.4
+ @babel/core@7.9.0
+ @babel/preset-env@7.10.4
+ @testing-library/jest-dom@4.2.4
+ babel-eslint@10.1.0
+ axios@0.19.2
+ @typescript-eslint/parser@2.34.0
+ @testing-library/react@9.5.0
+ @babel/plugin-transform-runtime@7.10.5
+ babel-loader@8.1.0
+ babel-jest@24.9.0
+ case-sensitive-paths-webpack-plugin@2.3.0
+ camelcase@5.3.1
+ dotenv@8.2.0
+ dotenv-expand@5.1.0
+ babel-plugin-named-asset-import@0.3.6
+ css-loader@3.4.2
+ eslint-loader@3.0.3
+ babel-preset-react-app@9.1.2
+ @testing-library/user-event@7.2.1
+ eslint@6.8.0
+ @typescript-eslint/eslint-plugin@2.34.0
+ @babel/plugin-proposal-class-properties@7.10.4
+ eslint-plugin-flowtype@4.6.0
+ eslint-plugin-jsx-a11y@6.2.3
+ eslint-plugin-import@2.20.1
+ eslint-plugin-react@7.19.0
+ eslint-plugin-react-hooks@1.7.0
+ express@4.17.1
+ file-loader@4.3.0
+ fs-extra@8.1.0
+ @svgr/webpack@4.3.3
+ html-webpack-plugin@4.0.0-beta.11
+ jest-environment-jsdom-fourteen@1.0.1
+ identity-obj-proxy@3.0.0
+ pnp-webpack-plugin@1.6.4
+ mini-css-extract-plugin@0.9.0
+ jest-watch-typeahead@0.4.2
+ jest@24.9.0
+ eslint-config-react-app@5.2.1
+ postcss-flexbugs-fixes@4.1.0
+ postcss-loader@3.0.0
+ postcss-safe-parser@4.0.1
+ postcss-normalize@8.0.1
+ optimize-css-assets-webpack-plugin@5.0.3
+ react@16.13.1
+ react-dev-utils@10.2.1
+ react-app-polyfill@1.0.6
+ postcss-preset-env@6.7.0
+ react-router-dom@5.2.0
+ node-hot@4.0.3
+ resolve@1.15.0
+ react-dom@16.13.1
+ react-hot-loader@4.12.21
+ react-scripts@3.4.1
+ ts-pnp@1.1.6
+ style-loader@0.23.1
+ sass-loader@8.0.2
+ resolve-url-loader@3.1.1
+ url-loader@2.3.0
+ semver@6.3.0
+ terser-webpack-plugin@2.3.5
+ webpack@4.42.0
+ jest-resolve@24.9.0
+ webpack-dev-middleware@3.7.2
+ webpack-manifest-plugin@2.2.0
+ webpack-dev-server@3.10.3
+ webpack-hot-middleware@2.25.0
+ workbox-webpack-plugin@4.3.1
+ webpack-cli@3.3.12
added 99 packages from 147 contributors, removed 9 packages and updated 71 packages in 3630.86s

 Error | CreateWebProject | createReactJSProject | Sun Jul 26 2020, 17:12:24 GMT+0800 (中国标准时间) | WARN optional SKIPPING OPTIONAL DEPENDENCY: fsevents@~2.1.2 (node_modules\watchpack\node_modules\chokidar\node_modules\fsevents):
npm WARN notsup SKIPPING OPTIONAL DEPENDENCY: Unsupported platform for fsevents@2.1.3: wanted {"os":"darwin","arch":"any"} (current: {"os":"win32","arch":"x64"})
npm WARN react-scripts@3.4.1 requires a peer of typescript@^3.2.1 but none is installed. You must install peer dependencies yourself.
npm WARN sass-loader@8.0.2 requires a peer of node-sass@^4.0.0 but none is installed. You must install peer dependencies yourself.
npm WARN sass-loader@8.0.2 requires a peer of sass@^1.3.0 but none is installed. You must install peer dependencies yourself.
npm WARN sass-loader@8.0.2 requires a peer of fibers@>= 3.1.0 but none is installed. You must install peer dependencies yourself.
npm WARN tsutils@3.17.1 requires a peer of typescript@>=2.8.0 || >= 3.2.0-dev || >= 3.3.0-dev || >= 3.4.0-dev || >= 3.5.0-dev || >= 3.6.0-dev || >= 3.6.0-beta || >= 3.7.0-dev || >= 3.7.0-beta but none is installed. You must install peer dependencies yourself.


Error
    at file:///C:/Users/ShuHuiHan/AppData/Local/IBMDigitalAppBuilder/app-8.1.3/resources/app.asar/dist/renderer.prod.js:6377:174652
    at f (file:///C:/Users/ShuHuiHan/AppData/Local/IBMDigitalAppBuilder/app-8.1.3/resources/app.asar/dist/renderer.prod.js:6377:173978)
    at Object.error (file:///C:/Users/ShuHuiHan/AppData/Local/IBMDigitalAppBuilder/app-8.1.3/resources/app.asar/dist/renderer.prod.js:6377:174534)
    at Socket.<anonymous> (file:///C:/Users/ShuHuiHan/AppData/Local/IBMDigitalAppBuilder/app-8.1.3/resources/app.asar/dist/renderer.prod.js:1157:9394)
    at Socket.emit (events.js:208:15)
    at addChunk (_stream_readable.js:295:12)
    at readableAddChunk (_stream_readable.js:272:13)
    at Socket.Readable.push (_stream_readable.js:210:10)
    at Pipe.onStreamRead (internal/stream_base_commons.js:166:17) Info | CreateWebProject | createReactJSProject | Sun Jul 26 2020, 17:12:24 GMT+0800 (中国标准时间) | 
Removing template package using npm...


 Error | CreateWebProject | createReactJSProject | Sun Jul 26 2020, 17:12:51 GMT+0800 (中国标准时间) | npm WARN react-scripts@3.4.1 requires a peer of typescript@^3.2.1 but none is installed. You must install peer dependencies yourself.
npm WARN sass-loader@8.0.2 requires a peer of node-sass@^4.0.0 but none is installed. You must install peer dependencies yourself.
npm WARN sass-loader@8.0.2 requires a peer of sass@^1.3.0 but none is installed. You must install peer dependencies yourself.
npm WARN sass-loader@8.0.2 requires a peer of fibers@>= 3.1.0 but none is installed. You must install peer dependencies yourself.
npm WARN tsutils@3.17.1 requires a peer of typescript@>=2.8.0 || >= 3.2.0-dev || >= 3.3.0-dev || >= 3.4.0-dev || >= 3.5.0-dev || >= 3.6.0-dev || >= 3.6.0-beta || >= 3.7.0-dev || >= 3.7.0-beta but none is installed. You must install peer dependencies yourself.
npm WARN optional SKIPPING OPTIONAL DEPENDENCY: fsevents@2.1.3 (node_modules\fork-ts-checker-webpack-plugin\node_modules\fsevents):
npm WARN notsup SKIPPING OPTIONAL DEPENDENCY: Unsupported platform for fsevents@2.1.3: wanted {"os":"darwin","arch":"any"} (current: {"os":"win32","arch":"x64"})
npm WARN optional SKIPPING OPTIONAL DEPENDENCY: fsevents@1.2.13 (node_modules\fsevents):
npm WARN notsup SKIPPING OPTIONAL DEPENDENCY: Unsupported platform for fsevents@1.2.13: wanted {"os":"darwin","arch":"any"} (current: {"os":"win32","arch":"x64"})
npm WARN optional SKIPPING OPTIONAL DEPENDENCY: fsevents@2.1.3 (node_modules\chokidar\node_modules\fsevents):
npm WARN notsup SKIPPING OPTIONAL DEPENDENCY: Unsupported platform for fsevents@2.1.3: wanted {"os":"darwin","arch":"any"} (current: {"os":"win32","arch":"x64"})
npm WARN optional SKIPPING OPTIONAL DEPENDENCY: fsevents@2.1.2 (node_modules\react-scripts\node_modules\fsevents):
npm WARN notsup SKIPPING OPTIONAL DEPENDENCY: Unsupported platform for fsevents@2.1.2: wanted {"os":"darwin","arch":"any"} (current: {"os":"win32","arch":"x64"})
npm WARN optional SKIPPING OPTIONAL DEPENDENCY: fsevents@2.1.3 (node_modules\watchpack\node_modules\fsevents):
npm WARN notsup SKIPPING OPTIONAL DEPENDENCY: Unsupported platform for fsevents@2.1.3: wanted {"os":"darwin","arch":"any"} (current: {"os":"win32","arch":"x64"})

Error
    at file:///C:/Users/ShuHuiHan/AppData/Local/IBMDigitalAppBuilder/app-8.1.3/resources/app.asar/dist/renderer.prod.js:6377:174652
    at f (file:///C:/Users/ShuHuiHan/AppData/Local/IBMDigitalAppBuilder/app-8.1.3/resources/app.asar/dist/renderer.prod.js:6377:173978)
    at Object.error (file:///C:/Users/ShuHuiHan/AppData/Local/IBMDigitalAppBuilder/app-8.1.3/resources/app.asar/dist/renderer.prod.js:6377:174534)
    at Socket.<anonymous> (file:///C:/Users/ShuHuiHan/AppData/Local/IBMDigitalAppBuilder/app-8.1.3/resources/app.asar/dist/renderer.prod.js:1157:9394)
    at Socket.emit (events.js:208:15)
    at addChunk (_stream_readable.js:295:12)
    at readableAddChunk (_stream_readable.js:272:13)
    at Socket.Readable.push (_stream_readable.js:210:10)
    at Pipe.onStreamRead (internal/stream_base_commons.js:166:17) Error | CreateWebProject | createReactJSProject | Sun Jul 26 2020, 17:12:51 GMT+0800 (中国标准时间) | 

Error
    at file:///C:/Users/ShuHuiHan/AppData/Local/IBMDigitalAppBuilder/app-8.1.3/resources/app.asar/dist/renderer.prod.js:6377:174652
    at f (file:///C:/Users/ShuHuiHan/AppData/Local/IBMDigitalAppBuilder/app-8.1.3/resources/app.asar/dist/renderer.prod.js:6377:173978)
    at Object.error (file:///C:/Users/ShuHuiHan/AppData/Local/IBMDigitalAppBuilder/app-8.1.3/resources/app.asar/dist/renderer.prod.js:6377:174534)
    at Socket.<anonymous> (file:///C:/Users/ShuHuiHan/AppData/Local/IBMDigitalAppBuilder/app-8.1.3/resources/app.asar/dist/renderer.prod.js:1157:9394)
    at Socket.emit (events.js:208:15)
    at addChunk (_stream_readable.js:295:12)
    at readableAddChunk (_stream_readable.js:272:13)
    at Socket.Readable.push (_stream_readable.js:210:10)
    at Pipe.onStreamRead (internal/stream_base_commons.js:166:17) Info | CreateWebProject | createReactJSProject | Sun Jul 26 2020, 17:13:01 GMT+0800 (中国标准时间) | removed 1 package in 35.317s

 Info | CreateWebProject | createReactJSProject | Sun Jul 26 2020, 17:13:03 GMT+0800 (中国标准时间) | 
Created git commit.

Success! Created app3 at C:\Users\ShuHuiHan\Desktop\GSSC\IBMCloud\test\app3
Inside that directory, you can run several commands:

  npm start
    Starts the development server.

  npm run build
    Bundles the app into static files for production.

  npm test
    Starts the test runner.

  npm run eject
    Removes this tool and copies build dependencies, configuration files
    and scripts into the app directory. If you do this, you can’t go back!

We suggest that you begin by typing:

  cd app3
  npm start

Happy hacking!

 Info | CreateWebProject | createReactJSProject | Sun Jul 26 2020, 17:13:06 GMT+0800 (中国标准时间) | 尝试在服务器上创建应用程序
Success | CreateWebProject | createReactJSProject | Sun Jul 26 2020, 17:13:06 GMT+0800 (中国标准时间) | 全都完成！您已准备就绪
